# JRE version: OpenJDK Runtime Environment (8.0_242-b01) (build 1.8.0_242-release-1644-b01)
# Java VM: OpenJDK 64-Bit Server VM (25.242-b01 mixed mode windows-amd64 compressed oops)
Heap:
 PSYoungGen      total 126976K, used 94755K [0x00000000d5580000, 0x00000000de680000, 0x0000000100000000)
  eden space 118784K, 72% used [0x00000000d5580000,0x00000000daa090a8,0x00000000dc980000)
  from space 8192K, 99% used [0x00000000dde80000,0x00000000de67ff40,0x00000000de680000)
  to   space 11264K, 0% used [0x00000000dd080000,0x00000000dd080000,0x00000000ddb80000)
 ParOldGen       total 76288K, used 27158K [0x0000000080000000, 0x0000000084a80000, 0x00000000d5580000)
  object space 76288K, 35% used [0x0000000080000000,0x0000000081a85a58,0x0000000084a80000)
 Metaspace       used 51393K, capacity 53268K, committed 53416K, reserved 1095680K
  class space    used 6900K, capacity 7313K, committed 7344K, reserved 1048576K
GC Heap History (10 events):
Event: 3.397 GC heap before
{Heap before GC invocations=8 (full 1):
 PSYoungGen      total 75776K, used 4129K [0x00000000d5580000, 0x00000000de980000, 0x0000000100000000)
  eden space 64512K, 0% used [0x00000000d5580000,0x00000000d5580000,0x00000000d9480000)
  from space 11264K, 36% used [0x00000000d9480000,0x00000000d9888478,0x00000000d9f80000)
  to   space 11264K, 0% used [0x00000000dde80000,0x00000000dde80000,0x00000000de980000)
 ParOldGen       total 86016K, used 9536K [0x0000000080000000, 0x0000000085400000, 0x00000000d5580000)
  object space 86016K, 11% used [0x0000000080000000,0x0000000080950080,0x0000000085400000)
 Metaspace       used 20574K, capacity 21240K, committed 21296K, reserved 1067008K
  class space    used 2873K, capacity 3088K, committed 3120K, reserved 1048576K
Event: 3.426 GC heap after
Heap after GC invocations=8 (full 1):
 PSYoungGen      total 75776K, used 0K [0x00000000d5580000, 0x00000000de980000, 0x0000000100000000)
  eden space 64512K, 0% used [0x00000000d5580000,0x00000000d5580000,0x00000000d9480000)
  from space 11264K, 0% used [0x00000000d9480000,0x00000000d9480000,0x00000000d9f80000)
  to   space 11264K, 0% used [0x00000000dde80000,0x00000000dde80000,0x00000000de980000)
 ParOldGen       total 49152K, used 7307K [0x0000000080000000, 0x0000000083000000, 0x00000000d5580000)
  object space 49152K, 14% used [0x0000000080000000,0x0000000080722d58,0x0000000083000000)
 Metaspace       used 20574K, capacity 21240K, committed 21296K, reserved 1067008K
  class space    used 2873K, capacity 3088K, committed 3120K, reserved 1048576K
}
Event: 3.952 GC heap before
{Heap before GC invocations=9 (full 1):
 PSYoungGen      total 75776K, used 64512K [0x00000000d5580000, 0x00000000de980000, 0x0000000100000000)
  eden space 64512K, 100% used [0x00000000d5580000,0x00000000d9480000,0x00000000d9480000)
  from space 11264K, 0% used [0x00000000d9480000,0x00000000d9480000,0x00000000d9f80000)
  to   space 11264K, 0% used [0x00000000dde80000,0x00000000dde80000,0x00000000de980000)
 ParOldGen       total 49152K, used 7307K [0x0000000080000000, 0x0000000083000000, 0x00000000d5580000)
  object space 49152K, 14% used [0x0000000080000000,0x0000000080722d58,0x0000000083000000)
 Metaspace       used 28128K, capacity 28826K, committed 28976K, reserved 1075200K
  class space    used 3880K, capacity 4097K, committed 4144K, reserved 1048576K
Event: 3.957 GC heap after
Heap after GC invocations=9 (full 1):
 PSYoungGen      total 126976K, used 7933K [0x00000000d5580000, 0x00000000de680000, 0x0000000100000000)
  eden space 118784K, 0% used [0x00000000d5580000,0x00000000d5580000,0x00000000dc980000)
  from space 8192K, 96% used [0x00000000dde80000,0x00000000de63f7d8,0x00000000de680000)
  to   space 11264K, 0% used [0x00000000dd080000,0x00000000dd080000,0x00000000ddb80000)
 ParOldGen       total 49152K, used 7315K [0x0000000080000000, 0x0000000083000000, 0x00000000d5580000)
  object space 49152K, 14% used [0x0000000080000000,0x0000000080724d58,0x0000000083000000)
 Metaspace       used 28128K, capacity 28826K, committed 28976K, reserved 1075200K
  class space    used 3880K, capacity 4097K, committed 4144K, reserved 1048576K
}
Event: 4.832 GC heap before
{Heap before GC invocations=10 (full 1):
 PSYoungGen      total 126976K, used 126717K [0x00000000d5580000, 0x00000000de680000, 0x0000000100000000)
  eden space 118784K, 100% used [0x00000000d5580000,0x00000000dc980000,0x00000000dc980000)
  from space 8192K, 96% used [0x00000000dde80000,0x00000000de63f7d8,0x00000000de680000)
  to   space 11264K, 0% used [0x00000000dd080000,0x00000000dd080000,0x00000000ddb80000)
 ParOldGen       total 49152K, used 7315K [0x0000000080000000, 0x0000000083000000, 0x00000000d5580000)
  object space 49152K, 14% used [0x0000000080000000,0x0000000080724d58,0x0000000083000000)
 Metaspace       used 34500K, capacity 35410K, committed 35496K, reserved 1079296K
  class space    used 4731K, capacity 4974K, committed 5040K, reserved 1048576K
Event: 4.840 GC heap after
Heap after GC invocations=10 (full 1):
 PSYoungGen      total 130048K, used 11253K [0x00000000d5580000, 0x00000000de680000, 0x0000000100000000)
  eden space 118784K, 0% used [0x00000000d5580000,0x00000000d5580000,0x00000000dc980000)
  from space 11264K, 99% used [0x00000000dd080000,0x00000000ddb7d7d0,0x00000000ddb80000)
  to   space 8192K, 0% used [0x00000000dde80000,0x00000000dde80000,0x00000000de680000)
 ParOldGen       total 49152K, used 7634K [0x0000000080000000, 0x0000000083000000, 0x00000000d5580000)
  object space 49152K, 15% used [0x0000000080000000,0x0000000080774880,0x0000000083000000)
 Metaspace       used 34500K, capacity 35410K, committed 35496K, reserved 1079296K
  class space    used 4731K, capacity 4974K, committed 5040K, reserved 1048576K
}
Event: 4.841 GC heap before
{Heap before GC invocations=11 (full 2):
 PSYoungGen      total 130048K, used 11253K [0x00000000d5580000, 0x00000000de680000, 0x0000000100000000)
  eden space 118784K, 0% used [0x00000000d5580000,0x00000000d5580000,0x00000000dc980000)
  from space 11264K, 99% used [0x00000000dd080000,0x00000000ddb7d7d0,0x00000000ddb80000)
  to   space 8192K, 0% used [0x00000000dde80000,0x00000000dde80000,0x00000000de680000)
 ParOldGen       total 49152K, used 7634K [0x0000000080000000, 0x0000000083000000, 0x00000000d5580000)
  object space 49152K, 15% used [0x0000000080000000,0x0000000080774880,0x0000000083000000)
 Metaspace       used 34500K, capacity 35410K, committed 35496K, reserved 1079296K
  class space    used 4731K, capacity 4974K, committed 5040K, reserved 1048576K
Event: 4.906 GC heap after
Heap after GC invocations=11 (full 2):
 PSYoungGen      total 130048K, used 0K [0x00000000d5580000, 0x00000000de680000, 0x0000000100000000)
  eden space 118784K, 0% used [0x00000000d5580000,0x00000000d5580000,0x00000000dc980000)
  from space 11264K, 0% used [0x00000000dd080000,0x00000000dd080000,0x00000000ddb80000)
  to   space 8192K, 0% used [0x00000000dde80000,0x00000000dde80000,0x00000000de680000)
 ParOldGen       total 76288K, used 18295K [0x0000000080000000, 0x0000000084a80000, 0x00000000d5580000)
  object space 76288K, 23% used [0x0000000080000000,0x00000000811ddfb0,0x0000000084a80000)
 Metaspace       used 34500K, capacity 35410K, committed 35496K, reserved 1079296K
  class space    used 4731K, capacity 4974K, committed 5040K, reserved 1048576K
}
Event: 6.203 GC heap before
{Heap before GC invocations=12 (full 2):
 PSYoungGen      total 130048K, used 118784K [0x00000000d5580000, 0x00000000de680000, 0x0000000100000000)
  eden space 118784K, 100% used [0x00000000d5580000,0x00000000dc980000,0x00000000dc980000)
  from space 11264K, 0% used [0x00000000dd080000,0x00000000dd080000,0x00000000ddb80000)
  to   space 8192K, 0% used [0x00000000dde80000,0x00000000dde80000,0x00000000de680000)
 ParOldGen       total 76288K, used 18295K [0x0000000080000000, 0x0000000084a80000, 0x00000000d5580000)
  object space 76288K, 23% used [0x0000000080000000,0x00000000811ddfb0,0x0000000084a80000)
 Metaspace       used 44435K, capacity 45894K, committed 46120K, reserved 1089536K
  class space    used 6008K, capacity 6369K, committed 6448K, reserved 1048576K
Event: 6.216 GC heap after
Heap after GC invocations=12 (full 2):
 PSYoungGen      total 126976K, used 8191K [0x00000000d5580000, 0x00000000de680000, 0x0000000100000000)
  eden space 118784K, 0% used [0x00000000d5580000,0x00000000d5580000,0x00000000dc980000)
  from space 8192K, 99% used [0x00000000dde80000,0x00000000de67ff40,0x00000000de680000)
  to   space 11264K, 0% used [0x00000000dd080000,0x00000000dd080000,0x00000000ddb80000)
 ParOldGen       total 76288K, used 27158K [0x0000000080000000, 0x0000000084a80000, 0x00000000d5580000)
  object space 76288K, 35% used [0x0000000080000000,0x0000000081a85a58,0x0000000084a80000)
 Metaspace       used 44435K, capacity 45894K, committed 46120K, reserved 1089536K
  class space    used 6008K, capacity 6369K, committed 6448K, reserved 1048576K
}

