# JRE version: OpenJDK Runtime Environment (8.0_242-b01) (build 1.8.0_242-release-1644-b01)
# Java VM: OpenJDK 64-Bit Server VM (25.242-b01 mixed mode windows-amd64 compressed oops)
Heap:
 PSYoungGen      total 100352K, used 1855K [0x00000000d5580000, 0x00000000df000000, 0x0000000100000000)
  eden space 88576K, 2% used [0x00000000d5580000,0x00000000d574fea8,0x00000000dac00000)
  from space 11776K, 0% used [0x00000000dac00000,0x00000000dac00000,0x00000000db780000)
  to   space 12288K, 0% used [0x00000000de400000,0x00000000de400000,0x00000000df000000)
 ParOldGen       total 75776K, used 14789K [0x0000000080000000, 0x0000000084a00000, 0x00000000d5580000)
  object space 75776K, 19% used [0x0000000080000000,0x0000000080e717b0,0x0000000084a00000)
 Metaspace       used 34499K, capacity 35410K, committed 35672K, reserved 1079296K
  class space    used 4727K, capacity 4974K, committed 4992K, reserved 1048576K
GC Heap History (10 events):
Event: 6.300 GC heap before
{Heap before GC invocations=9 (full 1):
 PSYoungGen      total 42496K, used 31232K [0x00000000d5580000, 0x00000000da880000, 0x0000000100000000)
  eden space 31232K, 100% used [0x00000000d5580000,0x00000000d7400000,0x00000000d7400000)
  from space 11264K, 0% used [0x00000000d7400000,0x00000000d7400000,0x00000000d7f00000)
  to   space 11264K, 0% used [0x00000000d9d80000,0x00000000d9d80000,0x00000000da880000)
 ParOldGen       total 48640K, used 7845K [0x0000000080000000, 0x0000000082f80000, 0x00000000d5580000)
  object space 48640K, 16% used [0x0000000080000000,0x00000000807a9580,0x0000000082f80000)
 Metaspace       used 22277K, capacity 22976K, committed 23168K, reserved 1069056K
  class space    used 3147K, capacity 3346K, committed 3456K, reserved 1048576K
Event: 6.303 GC heap after
Heap after GC invocations=9 (full 1):
 PSYoungGen      total 66560K, used 2505K [0x00000000d5580000, 0x00000000da500000, 0x0000000100000000)
  eden space 58880K, 0% used [0x00000000d5580000,0x00000000d5580000,0x00000000d8f00000)
  from space 7680K, 32% used [0x00000000d9d80000,0x00000000d9ff2650,0x00000000da500000)
  to   space 11264K, 0% used [0x00000000d8f00000,0x00000000d8f00000,0x00000000d9a00000)
 ParOldGen       total 48640K, used 7853K [0x0000000080000000, 0x0000000082f80000, 0x00000000d5580000)
  object space 48640K, 16% used [0x0000000080000000,0x00000000807ab580,0x0000000082f80000)
 Metaspace       used 22277K, capacity 22976K, committed 23168K, reserved 1069056K
  class space    used 3147K, capacity 3346K, committed 3456K, reserved 1048576K
}
Event: 7.488 GC heap before
{Heap before GC invocations=10 (full 1):
 PSYoungGen      total 66560K, used 61385K [0x00000000d5580000, 0x00000000da500000, 0x0000000100000000)
  eden space 58880K, 100% used [0x00000000d5580000,0x00000000d8f00000,0x00000000d8f00000)
  from space 7680K, 32% used [0x00000000d9d80000,0x00000000d9ff2650,0x00000000da500000)
  to   space 11264K, 0% used [0x00000000d8f00000,0x00000000d8f00000,0x00000000d9a00000)
 ParOldGen       total 48640K, used 7853K [0x0000000080000000, 0x0000000082f80000, 0x00000000d5580000)
  object space 48640K, 16% used [0x0000000080000000,0x00000000807ab580,0x0000000082f80000)
 Metaspace       used 30227K, capacity 30968K, committed 31232K, reserved 1077248K
  class space    used 4066K, capacity 4295K, committed 4352K, reserved 1048576K
Event: 7.495 GC heap after
Heap after GC invocations=10 (full 1):
 PSYoungGen      total 70144K, used 8341K [0x00000000d5580000, 0x00000000dc380000, 0x0000000100000000)
  eden space 58880K, 0% used [0x00000000d5580000,0x00000000d5580000,0x00000000d8f00000)
  from space 11264K, 74% used [0x00000000d8f00000,0x00000000d9725428,0x00000000d9a00000)
  to   space 11776K, 0% used [0x00000000db800000,0x00000000db800000,0x00000000dc380000)
 ParOldGen       total 48640K, used 7861K [0x0000000080000000, 0x0000000082f80000, 0x00000000d5580000)
  object space 48640K, 16% used [0x0000000080000000,0x00000000807ad580,0x0000000082f80000)
 Metaspace       used 30227K, capacity 30968K, committed 31232K, reserved 1077248K
  class space    used 4066K, capacity 4295K, committed 4352K, reserved 1048576K
}
Event: 8.102 GC heap before
{Heap before GC invocations=11 (full 1):
 PSYoungGen      total 70144K, used 67221K [0x00000000d5580000, 0x00000000dc380000, 0x0000000100000000)
  eden space 58880K, 100% used [0x00000000d5580000,0x00000000d8f00000,0x00000000d8f00000)
  from space 11264K, 74% used [0x00000000d8f00000,0x00000000d9725428,0x00000000d9a00000)
  to   space 11776K, 0% used [0x00000000db800000,0x00000000db800000,0x00000000dc380000)
 ParOldGen       total 48640K, used 7861K [0x0000000080000000, 0x0000000082f80000, 0x00000000d5580000)
  object space 48640K, 16% used [0x0000000080000000,0x00000000807ad580,0x0000000082f80000)
 Metaspace       used 33092K, capacity 33944K, committed 34304K, reserved 1079296K
  class space    used 4520K, capacity 4775K, committed 4864K, reserved 1048576K
Event: 8.113 GC heap after
Heap after GC invocations=11 (full 1):
 PSYoungGen      total 99840K, used 8069K [0x00000000d5580000, 0x00000000dc300000, 0x0000000100000000)
  eden space 88576K, 0% used [0x00000000d5580000,0x00000000d5580000,0x00000000dac00000)
  from space 11264K, 71% used [0x00000000db800000,0x00000000dbfe1590,0x00000000dc300000)
  to   space 11776K, 0% used [0x00000000dac00000,0x00000000dac00000,0x00000000db780000)
 ParOldGen       total 48640K, used 8436K [0x0000000080000000, 0x0000000082f80000, 0x00000000d5580000)
  object space 48640K, 17% used [0x0000000080000000,0x000000008083d230,0x0000000082f80000)
 Metaspace       used 33092K, capacity 33944K, committed 34304K, reserved 1079296K
  class space    used 4520K, capacity 4775K, committed 4864K, reserved 1048576K
}
Event: 8.375 GC heap before
{Heap before GC invocations=12 (full 1):
 PSYoungGen      total 99840K, used 38284K [0x00000000d5580000, 0x00000000dc300000, 0x0000000100000000)
  eden space 88576K, 34% used [0x00000000d5580000,0x00000000d7301b48,0x00000000dac00000)
  from space 11264K, 71% used [0x00000000db800000,0x00000000dbfe1590,0x00000000dc300000)
  to   space 11776K, 0% used [0x00000000dac00000,0x00000000dac00000,0x00000000db780000)
 ParOldGen       total 48640K, used 8436K [0x0000000080000000, 0x0000000082f80000, 0x00000000d5580000)
  object space 48640K, 17% used [0x0000000080000000,0x000000008083d230,0x0000000082f80000)
 Metaspace       used 34488K, capacity 35362K, committed 35416K, reserved 1079296K
  class space    used 4723K, capacity 4940K, committed 4992K, reserved 1048576K
Event: 8.385 GC heap after
Heap after GC invocations=12 (full 1):
 PSYoungGen      total 100352K, used 1994K [0x00000000d5580000, 0x00000000df000000, 0x0000000100000000)
  eden space 88576K, 0% used [0x00000000d5580000,0x00000000d5580000,0x00000000dac00000)
  from space 11776K, 16% used [0x00000000dac00000,0x00000000dadf2828,0x00000000db780000)
  to   space 12288K, 0% used [0x00000000de400000,0x00000000de400000,0x00000000df000000)
 ParOldGen       total 48640K, used 13928K [0x0000000080000000, 0x0000000082f80000, 0x00000000d5580000)
  object space 48640K, 28% used [0x0000000080000000,0x0000000080d9a100,0x0000000082f80000)
 Metaspace       used 34488K, capacity 35362K, committed 35416K, reserved 1079296K
  class space    used 4723K, capacity 4940K, committed 4992K, reserved 1048576K
}
Event: 8.385 GC heap before
{Heap before GC invocations=13 (full 2):
 PSYoungGen      total 100352K, used 1994K [0x00000000d5580000, 0x00000000df000000, 0x0000000100000000)
  eden space 88576K, 0% used [0x00000000d5580000,0x00000000d5580000,0x00000000dac00000)
  from space 11776K, 16% used [0x00000000dac00000,0x00000000dadf2828,0x00000000db780000)
  to   space 12288K, 0% used [0x00000000de400000,0x00000000de400000,0x00000000df000000)
 ParOldGen       total 48640K, used 13928K [0x0000000080000000, 0x0000000082f80000, 0x00000000d5580000)
  object space 48640K, 28% used [0x0000000080000000,0x0000000080d9a100,0x0000000082f80000)
 Metaspace       used 34488K, capacity 35362K, committed 35416K, reserved 1079296K
  class space    used 4723K, capacity 4940K, committed 4992K, reserved 1048576K
Event: 8.525 GC heap after
Heap after GC invocations=13 (full 2):
 PSYoungGen      total 100352K, used 0K [0x00000000d5580000, 0x00000000df000000, 0x0000000100000000)
  eden space 88576K, 0% used [0x00000000d5580000,0x00000000d5580000,0x00000000dac00000)
  from space 11776K, 0% used [0x00000000dac00000,0x00000000dac00000,0x00000000db780000)
  to   space 12288K, 0% used [0x00000000de400000,0x00000000de400000,0x00000000df000000)
 ParOldGen       total 75776K, used 14789K [0x0000000080000000, 0x0000000084a00000, 0x00000000d5580000)
  object space 75776K, 19% used [0x0000000080000000,0x0000000080e717b0,0x0000000084a00000)
 Metaspace       used 34488K, capacity 35362K, committed 35416K, reserved 1079296K
  class space    used 4723K, capacity 4940K, committed 4992K, reserved 1048576K
}

