# JRE version: OpenJDK Runtime Environment (8.0_242-b01) (build 1.8.0_242-release-1644-b01)
# Java VM: OpenJDK 64-Bit Server VM (25.242-b01 mixed mode windows-amd64 compressed oops)
Heap:
 PSYoungGen      total 127488K, used 88455K [0x00000000d5580000, 0x00000000de680000, 0x0000000100000000)
  eden space 119296K, 67% used [0x00000000d5580000,0x00000000da3e6460,0x00000000dca00000)
  from space 8192K, 99% used [0x00000000dde80000,0x00000000de67b7e0,0x00000000de680000)
  to   space 11264K, 0% used [0x00000000dd080000,0x00000000dd080000,0x00000000ddb80000)
 ParOldGen       total 74752K, used 27477K [0x0000000080000000, 0x0000000084900000, 0x00000000d5580000)
  object space 74752K, 36% used [0x0000000080000000,0x0000000081ad5638,0x0000000084900000)
 Metaspace       used 50836K, capacity 52574K, committed 52776K, reserved 1095680K
  class space    used 6799K, capacity 7206K, committed 7208K, reserved 1048576K
GC Heap History (10 events):
Event: 3.392 GC heap before
{Heap before GC invocations=8 (full 1):
 PSYoungGen      total 75776K, used 4020K [0x00000000d5580000, 0x00000000de980000, 0x0000000100000000)
  eden space 64512K, 0% used [0x00000000d5580000,0x00000000d5580000,0x00000000d9480000)
  from space 11264K, 35% used [0x00000000d9480000,0x00000000d986d040,0x00000000d9f80000)
  to   space 11264K, 0% used [0x00000000dde80000,0x00000000dde80000,0x00000000de980000)
 ParOldGen       total 86016K, used 9540K [0x0000000080000000, 0x0000000085400000, 0x00000000d5580000)
  object space 86016K, 11% used [0x0000000080000000,0x0000000080951118,0x0000000085400000)
 Metaspace       used 20566K, capacity 21240K, committed 21296K, reserved 1067008K
  class space    used 2872K, capacity 3088K, committed 3120K, reserved 1048576K
Event: 3.425 GC heap after
Heap after GC invocations=8 (full 1):
 PSYoungGen      total 75776K, used 0K [0x00000000d5580000, 0x00000000de980000, 0x0000000100000000)
  eden space 64512K, 0% used [0x00000000d5580000,0x00000000d5580000,0x00000000d9480000)
  from space 11264K, 0% used [0x00000000d9480000,0x00000000d9480000,0x00000000d9f80000)
  to   space 11264K, 0% used [0x00000000dde80000,0x00000000dde80000,0x00000000de980000)
 ParOldGen       total 49152K, used 7301K [0x0000000080000000, 0x0000000083000000, 0x00000000d5580000)
  object space 49152K, 14% used [0x0000000080000000,0x00000000807217d0,0x0000000083000000)
 Metaspace       used 20566K, capacity 21240K, committed 21296K, reserved 1067008K
  class space    used 2872K, capacity 3088K, committed 3120K, reserved 1048576K
}
Event: 3.896 GC heap before
{Heap before GC invocations=9 (full 1):
 PSYoungGen      total 75776K, used 64512K [0x00000000d5580000, 0x00000000de980000, 0x0000000100000000)
  eden space 64512K, 100% used [0x00000000d5580000,0x00000000d9480000,0x00000000d9480000)
  from space 11264K, 0% used [0x00000000d9480000,0x00000000d9480000,0x00000000d9f80000)
  to   space 11264K, 0% used [0x00000000dde80000,0x00000000dde80000,0x00000000de980000)
 ParOldGen       total 49152K, used 7301K [0x0000000080000000, 0x0000000083000000, 0x00000000d5580000)
  object space 49152K, 14% used [0x0000000080000000,0x00000000807217d0,0x0000000083000000)
 Metaspace       used 28144K, capacity 28890K, committed 29232K, reserved 1075200K
  class space    used 3880K, capacity 4097K, committed 4144K, reserved 1048576K
Event: 3.903 GC heap after
Heap after GC invocations=9 (full 1):
 PSYoungGen      total 127488K, used 7937K [0x00000000d5580000, 0x00000000de680000, 0x0000000100000000)
  eden space 119296K, 0% used [0x00000000d5580000,0x00000000d5580000,0x00000000dca00000)
  from space 8192K, 96% used [0x00000000dde80000,0x00000000de6405c0,0x00000000de680000)
  to   space 11264K, 0% used [0x00000000dd080000,0x00000000dd080000,0x00000000ddb80000)
 ParOldGen       total 49152K, used 7309K [0x0000000080000000, 0x0000000083000000, 0x00000000d5580000)
  object space 49152K, 14% used [0x0000000080000000,0x00000000807237d0,0x0000000083000000)
 Metaspace       used 28144K, capacity 28890K, committed 29232K, reserved 1075200K
  class space    used 3880K, capacity 4097K, committed 4144K, reserved 1048576K
}
Event: 4.815 GC heap before
{Heap before GC invocations=10 (full 1):
 PSYoungGen      total 127488K, used 125329K [0x00000000d5580000, 0x00000000de680000, 0x0000000100000000)
  eden space 119296K, 98% used [0x00000000d5580000,0x00000000dc8240b8,0x00000000dca00000)
  from space 8192K, 96% used [0x00000000dde80000,0x00000000de6405c0,0x00000000de680000)
  to   space 11264K, 0% used [0x00000000dd080000,0x00000000dd080000,0x00000000ddb80000)
 ParOldGen       total 49152K, used 7309K [0x0000000080000000, 0x0000000083000000, 0x00000000d5580000)
  object space 49152K, 14% used [0x0000000080000000,0x00000000807237d0,0x0000000083000000)
 Metaspace       used 34509K, capacity 35410K, committed 35496K, reserved 1079296K
  class space    used 4727K, capacity 4974K, committed 5032K, reserved 1048576K
Event: 4.827 GC heap after
Heap after GC invocations=10 (full 1):
 PSYoungGen      total 130560K, used 11241K [0x00000000d5580000, 0x00000000de680000, 0x0000000100000000)
  eden space 119296K, 0% used [0x00000000d5580000,0x00000000d5580000,0x00000000dca00000)
  from space 11264K, 99% used [0x00000000dd080000,0x00000000ddb7a5e0,0x00000000ddb80000)
  to   space 8192K, 0% used [0x00000000dde80000,0x00000000dde80000,0x00000000de680000)
 ParOldGen       total 49152K, used 7785K [0x0000000080000000, 0x0000000083000000, 0x00000000d5580000)
  object space 49152K, 15% used [0x0000000080000000,0x000000008079a6e0,0x0000000083000000)
 Metaspace       used 34509K, capacity 35410K, committed 35496K, reserved 1079296K
  class space    used 4727K, capacity 4974K, committed 5032K, reserved 1048576K
}
Event: 4.827 GC heap before
{Heap before GC invocations=11 (full 2):
 PSYoungGen      total 130560K, used 11241K [0x00000000d5580000, 0x00000000de680000, 0x0000000100000000)
  eden space 119296K, 0% used [0x00000000d5580000,0x00000000d5580000,0x00000000dca00000)
  from space 11264K, 99% used [0x00000000dd080000,0x00000000ddb7a5e0,0x00000000ddb80000)
  to   space 8192K, 0% used [0x00000000dde80000,0x00000000dde80000,0x00000000de680000)
 ParOldGen       total 49152K, used 7785K [0x0000000080000000, 0x0000000083000000, 0x00000000d5580000)
  object space 49152K, 15% used [0x0000000080000000,0x000000008079a6e0,0x0000000083000000)
 Metaspace       used 34509K, capacity 35410K, committed 35496K, reserved 1079296K
  class space    used 4727K, capacity 4974K, committed 5032K, reserved 1048576K
Event: 4.893 GC heap after
Heap after GC invocations=11 (full 2):
 PSYoungGen      total 130560K, used 0K [0x00000000d5580000, 0x00000000de680000, 0x0000000100000000)
  eden space 119296K, 0% used [0x00000000d5580000,0x00000000d5580000,0x00000000dca00000)
  from space 11264K, 0% used [0x00000000dd080000,0x00000000dd080000,0x00000000ddb80000)
  to   space 8192K, 0% used [0x00000000dde80000,0x00000000dde80000,0x00000000de680000)
 ParOldGen       total 74752K, used 18300K [0x0000000080000000, 0x0000000084900000, 0x00000000d5580000)
  object space 74752K, 24% used [0x0000000080000000,0x00000000811df310,0x0000000084900000)
 Metaspace       used 34509K, capacity 35410K, committed 35496K, reserved 1079296K
  class space    used 4727K, capacity 4974K, committed 5032K, reserved 1048576K
}
Event: 7.461 GC heap before
{Heap before GC invocations=12 (full 2):
 PSYoungGen      total 130560K, used 119296K [0x00000000d5580000, 0x00000000de680000, 0x0000000100000000)
  eden space 119296K, 100% used [0x00000000d5580000,0x00000000dca00000,0x00000000dca00000)
  from space 11264K, 0% used [0x00000000dd080000,0x00000000dd080000,0x00000000ddb80000)
  to   space 8192K, 0% used [0x00000000dde80000,0x00000000dde80000,0x00000000de680000)
 ParOldGen       total 74752K, used 18300K [0x0000000080000000, 0x0000000084900000, 0x00000000d5580000)
  object space 74752K, 24% used [0x0000000080000000,0x00000000811df310,0x0000000084900000)
 Metaspace       used 44446K, capacity 45930K, committed 46120K, reserved 1089536K
  class space    used 6008K, capacity 6391K, committed 6440K, reserved 1048576K
Event: 7.473 GC heap after
Heap after GC invocations=12 (full 2):
 PSYoungGen      total 127488K, used 8173K [0x00000000d5580000, 0x00000000de680000, 0x0000000100000000)
  eden space 119296K, 0% used [0x00000000d5580000,0x00000000d5580000,0x00000000dca00000)
  from space 8192K, 99% used [0x00000000dde80000,0x00000000de67b7e0,0x00000000de680000)
  to   space 11264K, 0% used [0x00000000dd080000,0x00000000dd080000,0x00000000ddb80000)
 ParOldGen       total 74752K, used 27477K [0x0000000080000000, 0x0000000084900000, 0x00000000d5580000)
  object space 74752K, 36% used [0x0000000080000000,0x0000000081ad5638,0x0000000084900000)
 Metaspace       used 44446K, capacity 45930K, committed 46120K, reserved 1089536K
  class space    used 6008K, capacity 6391K, committed 6440K, reserved 1048576K
}

